\BOOKMARK [2][-]{section*.2}{\376\377\000W\000s\000t\001\031\000p}{}% 1
\BOOKMARK [0][-]{chapter.1}{\376\377\000C\000a\001\102\000k\000i\000\040\000n\000i\000e\000w\001\102\000a\001\133\000c\000i\000w\000e\000\040\000I\000\040\000r\000o\000d\000z\000a\000j\000u}{}% 2
\BOOKMARK [1][-]{section*.3}{\376\377\000P\000o\000p\000u\000l\000a\000r\000n\000e\000\040\000k\000r\000y\000t\000e\000r\000i\000a\000\040\000z\000b\000i\000e\001\174\000n\000o\001\133\000c\000i\000\040\000c\000a\001\102\000e\000k\000\040\000z\000\040}{chapter.1}% 3
\BOOKMARK [2][-]{section*.5}{\376\377\000T\000w\000i\000e\000r\000d\000z\000e\000n\000i\000e\000\050\000k\000r\000y\000t\000e\000r\000i\000u\000m\000\040\000p\000o\000r\000\363\000w\000n\000a\000w\000c\000z\000e\000\051}{section*.3}% 4
\BOOKMARK [2][-]{section*.6}{\376\377\000T\000w\000i\000e\000r\000d\000z\000e\000n\000i\000e\000\050\000k\000r\000y\000t\000e\000r\000i\000u\000m\000\040\000i\000l\000o\000r\000a\000z\000o\000w\000e\000\051}{section*.3}% 5
\BOOKMARK [2][-]{section*.7}{\376\377\000W\000a\000r\000t\000o\001\133\001\007\000\040\000g\001\102\000\363\000w\000n\000a\000\040\000c\000a\001\102\000k\000i\000\040\000n\000i\000e\000w\001\102\000a\001\133\000c\000i\000w\000e\000j\000\040\000I\000\040\000r\000o\000d\000z\000a\000j\000u}{section*.3}% 6
\BOOKMARK [0][-]{chapter.2}{\376\377\000C\000a\001\102\000k\000i\000\040\000n\000i\000e\000w\001\102\000a\001\133\000c\000i\000w\000e\000\040\000I\000I\000\040\000r\000o\000d\000z\000a\000j\000u}{}% 7
\BOOKMARK [1][-]{section*.8}{\376\377\000Z\000b\000i\000e\001\174\000n\000o\001\133\001\007\000\040\000b\000e\000z\000w\000z\000g\000l\001\031\000d\000n\000a\000\040\000c\000a\001\102\000e\000k\000\040\000n\000i\000e\000w\001\102\000a\001\133\000c\000i\000w\000y\000c\000h}{chapter.2}% 8
\BOOKMARK [0][-]{chapter.3}{\376\377\000S\000z\000e\000r\000e\000g\000i\000\040\000l\000i\000c\000z\000b\000o\000w\000e}{}% 9
\BOOKMARK [1][-]{section*.9}{\376\377\000O\000b\000l\000i\000c\000z\000a\000n\000i\000e\000\040\000s\000u\000m\000\040\000s\000z\000e\000r\000e\000g\000\363\000w}{chapter.3}% 10
\BOOKMARK [2][-]{section*.10}{\376\377\000W\001\102\000a\000s\000n\000o\001\133\000c\000i\000\040\000s\000z\000e\000r\000e\000g\000\363\000w\000\040\000z\000b\000i\000e\001\174\000n\000y\000c\000h}{section*.9}% 11
\BOOKMARK [2][-]{section*.11}{\376\377\000P\000o\000p\000u\000l\000a\000r\000n\000e\000\040\000k\000r\000y\000t\000e\000r\000i\000a\000\040\000z\000b\000i\000e\001\174\000n\000o\001\133\000c\000i\000\040\000s\000z\000e\000r\000e\000g\000\363\000w}{section*.9}% 12
\BOOKMARK [2][-]{section*.12}{\376\377\000T\000w\000i\000e\000r\000d\000z\000e\000n\000i\000e\000\040\000\050\000k\000r\000y\000t\000e\000r\000i\000u\000m\000\040\000p\000o\000r\000\363\000w\000n\000a\000w\000c\000z\000e\000\051}{section*.9}% 13
\BOOKMARK [2][-]{section*.13}{\376\377\000T\000w\000i\000e\000r\000d\000z\000e\000n\000i\000e\000\040\000\050\000k\000r\000y\000t\000e\000r\000i\000u\000m\000\040\000i\000l\000o\000r\000a\000z\000o\000w\000e\000\051}{section*.9}% 14
\BOOKMARK [2][-]{section*.14}{\376\377\000T\000w\000i\000e\000r\000d\000z\000e\000n\000i\000e\000\040\000\050\000k\000r\000y\000t\000e\000r\000i\000u\000m\000\040\000C\000a\000u\000c\000h\000y\000'\000e\000g\000o\000\051}{section*.9}% 15
\BOOKMARK [2][-]{section*.15}{\376\377\000T\000w\000i\000e\000r\000d\000z\000e\000n\000i\000e\000\040\000\050\000k\000r\000y\000t\000e\000r\000i\000u\000m\000\040\000d\000'\000A\000l\000e\000m\000b\000e\000r\000t\000a\000\051}{section*.9}% 16
\BOOKMARK [2][-]{section*.16}{\376\377\000T\000w\000i\000e\000r\000d\000z\000e\000n\000i\000e\000\040\000\050\000k\000r\000y\000t\000e\000r\000i\000u\000m\000\040\000c\000a\001\102\000k\000o\000w\000e\000\051}{section*.9}% 17
\BOOKMARK [2][-]{section*.17}{\376\377\000Z\000b\000i\000e\001\174\000n\000o\001\133\001\007\000\040\000b\000e\000z\000w\000z\000g\000l\001\031\000d\000n\000a\000\040\000s\000z\000e\000r\000e\000g\000\363\000w}{section*.9}% 18
\BOOKMARK [2][-]{section*.18}{\376\377\000S\000z\000e\000r\000e\000g\000i\000\040\000n\000a\000p\000r\000z\000e\000m\000i\000e\000n\000n\000e}{section*.9}% 19
\BOOKMARK [2][-]{section*.19}{\376\377\000T\000w\000i\000e\000r\000d\000z\000e\000n\000i\000e\000\040\000\050\000L\000e\000i\000b\000n\000i\000t\000z\000\051}{section*.9}% 20
\BOOKMARK [0][-]{chapter.4}{\376\377\000S\000z\000e\000r\000e\000g\000i\000\040\000p\000o\000t\001\031\000g\000o\000w\000e}{}% 21
\BOOKMARK [1][-]{section*.20}{\376\377\000Z\000b\000i\000e\001\174\000n\000o\001\133\001\007\000\040\000s\000z\000e\000r\000e\000g\000\363\000w\000\040\000p\000o\000t\001\031\000g\000o\000w\000y\000c\000h}{chapter.4}% 22
\BOOKMARK [2][-]{section*.21}{\376\377\000W\000y\000z\000n\000a\000c\000z\000a\000n\000i\000e\000\040\000p\000r\000o\000m\000i\000e\000n\000i\000a\000\040\000z\000b\000i\000e\001\174\000n\000o\001\133\000c\000i\000\040\000i\000\040\000p\000r\000z\000e\000d\000z\000i\000a\001\102\000u\000\040\000z\000b\000i\000e\001\174\000n\000o\001\133\000c\000i}{section*.20}% 23
\BOOKMARK [2][-]{section*.22}{\376\377\000W\001\102\000a\000s\000n\000o\001\133\000c\000i\000\040\000s\000z\000e\000r\000e\000g\000\363\000w\000\040\000p\000o\000t\001\031\000g\000o\000w\000y\000c\000h}{section*.20}% 24
\BOOKMARK [0][-]{chapter.5}{\376\377\000F\000u\000n\000k\000c\000j\000e\000\040\000w\000i\000e\000l\000u\000\040\000z\000m\000i\000e\000n\000n\000y\000c\000h}{}% 25
\BOOKMARK [1][-]{section*.23}{\376\377\000P\000o\000w\000i\000e\000r\000z\000c\000h\000n\000i\000e\000\040\000w\000a\000l\000c\000o\000w\000e}{chapter.5}% 26
\BOOKMARK [2][-]{section*.24}{\376\377\000P\000o\000c\000h\000o\000d\000n\000e\000\040\000c\000z\001\005\000s\000t\000k\000o\000w\000e\000\040\000p\000i\000e\000r\000w\000s\000z\000e\000g\000o\000\040\000r\000z\001\031\000d\000u\000\040\000f\000u\000n\000k\000c\000j\000i\000\040\000w\000i\000e\000l\000u\000\040\000z\000m\000i\000e\000n\000n\000y\000c\000h}{section*.23}% 27
\BOOKMARK [2][-]{section*.25}{\376\377\000I\000n\000t\000e\000r\000p\000r\000e\000t\000a\000c\000j\000a\000\040\000g\000e\000o\000m\000e\000t\000r\000y\000c\000z\000n\000a\000\040\000d\000l\000a\000\040\000f\000u\000n\000k\000c\000j\000i\000\040\0002\000\040\000z\000m\000i\000e\000n\000n\000y\000c\000h}{section*.23}% 28
\BOOKMARK [2][-]{section*.26}{\376\377\000P\000o\000c\000h\000o\000d\000n\000e\000\040\000d\000r\000u\000g\000i\000e\000g\000o\000\040\000r\000z\001\031\000d\000u}{section*.23}% 29
\BOOKMARK [2][-]{section*.27}{\376\377\000P\001\102\000a\000s\000z\000c\000z\000y\000z\000n\000a\000\040\000s\000t\000y\000c\000z\000n\000a\000\040\000d\000o\000\040\000f\000u\000n\000k\000c\000j\000i\000\040\000d\000w\000\363\000c\000h\000\040\000z\000m\000i\000e\000n\000n\000y\000c\000h}{section*.23}% 30
\BOOKMARK [2][-]{section*.28}{\376\377\000P\000o\000c\000h\000o\000d\000n\000a\000\040\000k\000i\000e\000r\000u\000n\000k\000o\000w\000a}{section*.23}% 31
\BOOKMARK [2][-]{section*.29}{\376\377\000G\000r\000a\000d\000i\000e\000n\000t}{section*.23}% 32
\BOOKMARK [2][-]{section*.30}{\376\377\000Z\000b\000i\000e\001\174\000n\000o\001\133\001\007\000\040\000w\000\040\000R\000^\000k\000\040\000i\000\040\000g\000r\000a\000n\000i\000c\000e\000\040\000f\000u\000n\000k\000c\000j\000i\000\040\000w\000i\000e\000l\000u\000\040\000z\000m\000i\000e\000n\000n\000y\000c\000h}{section*.23}% 33
\BOOKMARK [2][-]{section*.31}{\376\377\000P\000o\000p\000u\000l\000a\000r\000n\000e\000\040\000t\000e\000c\000h\000n\000i\000k\000i\000\040\000l\000i\000c\000z\000e\000n\000i\000a\000\040\000g\000r\000a\000n\000i\000c\000\040\000f\000u\000n\000k\000c\000j\000i\000\040\000w\000i\000e\000l\000u\000\040\000z\000m\000i\000e\000n\000n\000y\000c\000h}{section*.23}% 34
\BOOKMARK [2][-]{section*.32}{\376\377\000C\000i\001\005\000g\001\102\000o\001\133\001\007\000\040\000f\000u\000n\000k\000c\000j\000i\000\040\000w\000i\000e\000l\000u\000\040\000z\000m\000i\000e\000n\000n\000y\000c\000h}{section*.23}% 35
\BOOKMARK [2][-]{section*.33}{\376\377\000E\000k\000s\000t\000r\000e\000m\000a\000\040\000f\000u\000n\000k\000c\000j\000i\000\040\000d\000w\000\363\000c\000h\000\040\000z\000m\000i\000e\000n\000n\000y\000c\000h}{section*.23}% 36
\BOOKMARK [2][-]{section*.34}{\376\377\000E\000k\000s\000t\000r\000e\000m\000a\000\040\000w\000a\000r\000u\000n\000k\000o\000w\000e}{section*.23}% 37
\BOOKMARK [2][-]{section*.35}{\376\377\000W\000a\000r\000t\000o\001\133\000c\000i\000\040\000n\000a\000j\000w\000i\001\031\000k\000s\000z\000e\000\040\000i\000\040\000n\000a\000j\000m\000n\000i\000e\000j\000s\000z\000e\000\040\000f\000u\000n\000k\000c\000j\000i\000\040\000n\000a\000\040\000z\000a\000d\000a\000n\000y\000c\000h\000\040\000z\000b\000i\000o\000r\000a\000c\000h}{section*.23}% 38
\BOOKMARK [2][-]{section*.36}{\376\377\000Z\000a\000d\000a\000n\000i\000a\000\040\000o\000p\000t\000y\000m\000a\000l\000i\000z\000a\000c\000y\000j\000n\000e}{section*.23}% 39
\BOOKMARK [0][-]{chapter.6}{\376\377\000C\000a\001\102\000k\000i\000\040\000p\000o\000d\000w\000\363\000j\000n\000e}{}% 40
\BOOKMARK [1][-]{section*.37}{\376\377\000Z\000m\000i\000a\000n\000a\000\040\000z\000m\000i\000e\000n\000n\000y\000c\000h\000\040\000w\000\040\000c\000a\001\102\000c\000e\000\040\000p\000o\000d\000w\000\363\000j\000n\000e\000j}{chapter.6}% 41
\BOOKMARK [2][-]{section*.38}{\376\377\000W\000s\000p\000\363\001\102\000r\000z\001\031\000d\000n\000e\000\040\000b\000i\000e\000g\000u\000n\000o\000w\000e}{section*.37}% 42
\BOOKMARK [2][-]{section*.39}{\376\377\000W\000s\000p\000\363\001\102\000r\000z\001\031\000d\000n\000e\000\040\000b\000i\000e\000g\000u\000n\000o\000w\000e\000\040\000p\000r\000z\000e\000s\000u\000n\000i\001\031\000t\000e\000\040\040\023\000\040\000o\000\040\001\133\000r\000o\000d\000k\000u\000\040\000w\000\040\000\050\000x\000_\0000\000,\000\040\000y\000_\0000\000\051}{section*.37}% 43
